
A module that was compiled using NumPy 1.x cannot be run in
NumPy 2.2.6 as it may crash. To support both 1.x and 2.x
versions of NumPy, modules must be compiled with NumPy 2.0.
Some module may need to rebuild instead e.g. with 'pybind11>=2.12'.

If you are a user of the module, the easiest solution will be to
downgrade to 'numpy<2' or try to upgrade the affected module.
We expect that some modules will need time to support NumPy 2.

Traceback (most recent call last):  File "/home/tong.li003/adversarial_robustness_pytorch/train-wa.py", line 17, in <module>
    from core.data import get_data_info
  File "/home/tong.li003/adversarial_robustness_pytorch/core/data/__init__.py", line 4, in <module>
    from .cifar10 import load_cifar10
  File "/home/tong.li003/adversarial_robustness_pytorch/core/data/cifar10.py", line 3, in <module>
    import torchvision
  File "/home/tong.li003/miniconda3/envs/robustness/lib/python3.10/site-packages/torchvision/__init__.py", line 6, in <module>
    from torchvision import datasets, io, models, ops, transforms, utils
  File "/home/tong.li003/miniconda3/envs/robustness/lib/python3.10/site-packages/torchvision/models/__init__.py", line 17, in <module>
    from . import detection, optical_flow, quantization, segmentation, video
  File "/home/tong.li003/miniconda3/envs/robustness/lib/python3.10/site-packages/torchvision/models/detection/__init__.py", line 1, in <module>
    from .faster_rcnn import *
  File "/home/tong.li003/miniconda3/envs/robustness/lib/python3.10/site-packages/torchvision/models/detection/faster_rcnn.py", line 16, in <module>
    from .anchor_utils import AnchorGenerator
  File "/home/tong.li003/miniconda3/envs/robustness/lib/python3.10/site-packages/torchvision/models/detection/anchor_utils.py", line 10, in <module>
    class AnchorGenerator(nn.Module):
  File "/home/tong.li003/miniconda3/envs/robustness/lib/python3.10/site-packages/torchvision/models/detection/anchor_utils.py", line 63, in AnchorGenerator
    device: torch.device = torch.device("cpu"),
/home/tong.li003/miniconda3/envs/robustness/lib/python3.10/site-packages/torchvision/models/detection/anchor_utils.py:63: UserWarning: Failed to initialize NumPy: _ARRAY_API not found (Triggered internally at ../torch/csrc/utils/tensor_numpy.cpp:84.)
  device: torch.device = torch.device("cpu"),
Traceback (most recent call last):
  File "/home/tong.li003/adversarial_robustness_pytorch/train-wa.py", line 80, in <module>
    trainer = WATrainer(info, args)
  File "/home/tong.li003/adversarial_robustness_pytorch/gowal21uncovering/utils/watrain.py", line 36, in __init__
    super(WATrainer, self).__init__(info, args)
  File "/home/tong.li003/adversarial_robustness_pytorch/core/utils/train.py", line 39, in __init__
    self.model = create_model(args.model, args.normalize, info, device)
  File "/home/tong.li003/adversarial_robustness_pytorch/core/models/__init__.py", line 59, in create_model
    model = torch.nn.DataParallel(model)
  File "/home/tong.li003/miniconda3/envs/robustness/lib/python3.10/site-packages/torch/nn/parallel/data_parallel.py", line 145, in __init__
    _check_balance(self.device_ids)
  File "/home/tong.li003/miniconda3/envs/robustness/lib/python3.10/site-packages/torch/nn/parallel/data_parallel.py", line 25, in _check_balance
    dev_props = _get_devices_properties(device_ids)
  File "/home/tong.li003/miniconda3/envs/robustness/lib/python3.10/site-packages/torch/_utils.py", line 678, in _get_devices_properties
    return [_get_device_attr(lambda m: m.get_device_properties(i)) for i in device_ids]
  File "/home/tong.li003/miniconda3/envs/robustness/lib/python3.10/site-packages/torch/_utils.py", line 678, in <listcomp>
    return [_get_device_attr(lambda m: m.get_device_properties(i)) for i in device_ids]
  File "/home/tong.li003/miniconda3/envs/robustness/lib/python3.10/site-packages/torch/_utils.py", line 659, in _get_device_attr
    return get_member(torch.cuda)
  File "/home/tong.li003/miniconda3/envs/robustness/lib/python3.10/site-packages/torch/_utils.py", line 678, in <lambda>
    return [_get_device_attr(lambda m: m.get_device_properties(i)) for i in device_ids]
  File "/home/tong.li003/miniconda3/envs/robustness/lib/python3.10/site-packages/torch/cuda/__init__.py", line 395, in get_device_properties
    _lazy_init()  # will define _get_device_properties
  File "/home/tong.li003/miniconda3/envs/robustness/lib/python3.10/site-packages/torch/cuda/__init__.py", line 247, in _lazy_init
    torch._C._cuda_init()
RuntimeError: Unrecognized CachingAllocator option: expandable_segments
