/home/tong.li003/miniconda3/lib/python3.13/site-packages/torchvision/datasets/cifar.py:83: VisibleDeprecationWarning: dtype(): align should be passed as Python or NumPy boolean but got `align=0`. Did you mean to pass a tuple to create a subarray type? (Deprecated NumPy 2.4)
  entry = pickle.load(f, encoding="latin1")
Traceback (most recent call last):
  File "/home/tong.li003/adversarial_robustness_pytorch/train-wa.py", line 88, in <module>
    logger.log('Standard Accuracy-\tTest: {:2f}%.'.format(trainer.eval(test_dataloader)*100))
                                                          ~~~~~~~~~~~~^^^^^^^^^^^^^^^^^
  File "/home/tong.li003/adversarial_robustness_pytorch/gowal21uncovering/utils/watrain.py", line 149, in eval
    out = self.wa_model(x)
  File "/home/tong.li003/miniconda3/lib/python3.13/site-packages/torch/nn/modules/module.py", line 1775, in _wrapped_call_impl
    return self._call_impl(*args, **kwargs)
           ~~~~~~~~~~~~~~~^^^^^^^^^^^^^^^^^
  File "/home/tong.li003/miniconda3/lib/python3.13/site-packages/torch/nn/modules/module.py", line 1786, in _call_impl
    return forward_call(*args, **kwargs)
  File "/home/tong.li003/miniconda3/lib/python3.13/site-packages/torch/nn/parallel/data_parallel.py", line 194, in forward
    outputs = self.parallel_apply(replicas, inputs, module_kwargs)
  File "/home/tong.li003/miniconda3/lib/python3.13/site-packages/torch/nn/parallel/data_parallel.py", line 213, in parallel_apply
    return parallel_apply(
        replicas, inputs, kwargs, self.device_ids[: len(replicas)]
    )
  File "/home/tong.li003/miniconda3/lib/python3.13/site-packages/torch/nn/parallel/parallel_apply.py", line 129, in parallel_apply
    output.reraise()
    ~~~~~~~~~~~~~~^^
  File "/home/tong.li003/miniconda3/lib/python3.13/site-packages/torch/_utils.py", line 769, in reraise
    raise exception
RuntimeError: Caught RuntimeError in replica 0 on device 0.
Original Traceback (most recent call last):
  File "/home/tong.li003/miniconda3/lib/python3.13/site-packages/torch/nn/parallel/parallel_apply.py", line 99, in _worker
    output = module(*input, **kwargs)
  File "/home/tong.li003/miniconda3/lib/python3.13/site-packages/torch/nn/modules/module.py", line 1775, in _wrapped_call_impl
    return self._call_impl(*args, **kwargs)
           ~~~~~~~~~~~~~~~^^^^^^^^^^^^^^^^^
  File "/home/tong.li003/miniconda3/lib/python3.13/site-packages/torch/nn/modules/module.py", line 1786, in _call_impl
    return forward_call(*args, **kwargs)
  File "/home/tong.li003/miniconda3/lib/python3.13/site-packages/torch/nn/modules/container.py", line 250, in forward
    input = module(input)
  File "/home/tong.li003/miniconda3/lib/python3.13/site-packages/torch/nn/modules/module.py", line 1775, in _wrapped_call_impl
    return self._call_impl(*args, **kwargs)
           ~~~~~~~~~~~~~~~^^^^^^^^^^^^^^^^^
  File "/home/tong.li003/miniconda3/lib/python3.13/site-packages/torch/nn/modules/module.py", line 1786, in _call_impl
    return forward_call(*args, **kwargs)
  File "/home/tong.li003/adversarial_robustness_pytorch/core/models/wideresnetwithswish.py", line 162, in forward
    out = self.layer(out)
  File "/home/tong.li003/miniconda3/lib/python3.13/site-packages/torch/nn/modules/module.py", line 1775, in _wrapped_call_impl
    return self._call_impl(*args, **kwargs)
           ~~~~~~~~~~~~~~~^^^^^^^^^^^^^^^^^
  File "/home/tong.li003/miniconda3/lib/python3.13/site-packages/torch/nn/modules/module.py", line 1786, in _call_impl
    return forward_call(*args, **kwargs)
  File "/home/tong.li003/miniconda3/lib/python3.13/site-packages/torch/nn/modules/container.py", line 250, in forward
    input = module(input)
  File "/home/tong.li003/miniconda3/lib/python3.13/site-packages/torch/nn/modules/module.py", line 1775, in _wrapped_call_impl
    return self._call_impl(*args, **kwargs)
           ~~~~~~~~~~~~~~~^^^^^^^^^^^^^^^^^
  File "/home/tong.li003/miniconda3/lib/python3.13/site-packages/torch/nn/modules/module.py", line 1786, in _call_impl
    return forward_call(*args, **kwargs)
  File "/home/tong.li003/adversarial_robustness_pytorch/core/models/wideresnetwithswish.py", line 92, in forward
    return self.block(x)
           ~~~~~~~~~~^^^
  File "/home/tong.li003/miniconda3/lib/python3.13/site-packages/torch/nn/modules/module.py", line 1775, in _wrapped_call_impl
    return self._call_impl(*args, **kwargs)
           ~~~~~~~~~~~~~~~^^^^^^^^^^^^^^^^^
  File "/home/tong.li003/miniconda3/lib/python3.13/site-packages/torch/nn/modules/module.py", line 1786, in _call_impl
    return forward_call(*args, **kwargs)
  File "/home/tong.li003/miniconda3/lib/python3.13/site-packages/torch/nn/modules/container.py", line 250, in forward
    input = module(input)
  File "/home/tong.li003/miniconda3/lib/python3.13/site-packages/torch/nn/modules/module.py", line 1775, in _wrapped_call_impl
    return self._call_impl(*args, **kwargs)
           ~~~~~~~~~~~~~~~^^^^^^^^^^^^^^^^^
  File "/home/tong.li003/miniconda3/lib/python3.13/site-packages/torch/nn/modules/module.py", line 1786, in _call_impl
    return forward_call(*args, **kwargs)
  File "/home/tong.li003/adversarial_robustness_pytorch/core/models/wideresnetwithswish.py", line 63, in forward
    out = self.conv_0(v)
  File "/home/tong.li003/miniconda3/lib/python3.13/site-packages/torch/nn/modules/module.py", line 1775, in _wrapped_call_impl
    return self._call_impl(*args, **kwargs)
           ~~~~~~~~~~~~~~~^^^^^^^^^^^^^^^^^
  File "/home/tong.li003/miniconda3/lib/python3.13/site-packages/torch/nn/modules/module.py", line 1786, in _call_impl
    return forward_call(*args, **kwargs)
  File "/home/tong.li003/miniconda3/lib/python3.13/site-packages/torch/nn/modules/conv.py", line 548, in forward
    return self._conv_forward(input, self.weight, self.bias)
           ~~~~~~~~~~~~~~~~~~^^^^^^^^^^^^^^^^^^^^^^^^^^^^^^^
  File "/home/tong.li003/miniconda3/lib/python3.13/site-packages/torch/nn/modules/conv.py", line 543, in _conv_forward
    return F.conv2d(
           ~~~~~~~~^
        input, weight, bias, self.stride, self.padding, self.dilation, self.groups
        ^^^^^^^^^^^^^^^^^^^^^^^^^^^^^^^^^^^^^^^^^^^^^^^^^^^^^^^^^^^^^^^^^^^^^^^^^^
    )
    ^
RuntimeError: FIND was unable to find an engine to execute this computation

[W302 19:56:48.076433889 AllocatorConfig.cpp:28] Warning: PYTORCH_CUDA_ALLOC_CONF is deprecated, use PYTORCH_ALLOC_CONF instead (function operator())
