  0%|          | 0.00/170M [00:00<?, ?B/s]  0%|          | 459k/170M [00:00<00:41, 4.15MB/s]  4%|▍         | 7.24M/170M [00:00<00:04, 40.0MB/s] 11%|█         | 18.7M/170M [00:00<00:02, 73.1MB/s] 18%|█▊        | 30.2M/170M [00:00<00:01, 89.6MB/s] 25%|██▍       | 41.9M/170M [00:00<00:01, 99.2MB/s] 31%|███▏      | 53.5M/170M [00:00<00:01, 105MB/s]  38%|███▊      | 65.0M/170M [00:00<00:00, 108MB/s] 45%|████▍     | 76.6M/170M [00:00<00:00, 110MB/s] 52%|█████▏    | 88.1M/170M [00:00<00:00, 112MB/s] 58%|█████▊    | 99.6M/170M [00:01<00:00, 113MB/s] 65%|██████▌   | 111M/170M [00:01<00:00, 113MB/s]  72%|███████▏  | 122M/170M [00:01<00:00, 110MB/s] 78%|███████▊  | 133M/170M [00:01<00:00, 104MB/s] 84%|████████▍ | 144M/170M [00:01<00:00, 101MB/s] 90%|█████████ | 154M/170M [00:01<00:00, 97.6MB/s] 96%|█████████▌| 164M/170M [00:01<00:00, 92.9MB/s]100%|██████████| 170M/170M [00:01<00:00, 96.4MB/s]
/home/tong.li003/miniconda3/lib/python3.13/site-packages/torchvision/datasets/cifar.py:83: VisibleDeprecationWarning: dtype(): align should be passed as Python or NumPy boolean but got `align=0`. Did you mean to pass a tuple to create a subarray type? (Deprecated NumPy 2.4)
  entry = pickle.load(f, encoding="latin1")
Epoch 1:   0%|          | 0/49 [00:00<?, ?it/s]Epoch 1:   0%|          | 0/49 [00:03<?, ?it/s]
Traceback (most recent call last):
  File "/home/tong.li003/adversarial_robustness_pytorch/train-wa.py", line 103, in <module>
    res = trainer.train(train_dataloader, epoch=epoch, adversarial=True)
  File "/home/tong.li003/adversarial_robustness_pytorch/gowal21uncovering/utils/watrain.py", line 99, in train
    loss, batch_metrics = self.trades_loss(x, y, beta=self.params.beta)
                          ~~~~~~~~~~~~~~~~^^^^^^^^^^^^^^^^^^^^^^^^^^^^^
  File "/home/tong.li003/adversarial_robustness_pytorch/gowal21uncovering/utils/watrain.py", line 128, in trades_loss
    loss, batch_metrics = trades_loss(self.model, x, y, self.optimizer, step_size=self.params.attack_step,
                          ~~~~~~~~~~~^^^^^^^^^^^^^^^^^^^^^^^^^^^^^^^^^^^^^^^^^^^^^^^^^^^^^^^^^^^^^^^^^^^^^
                                      epsilon=self.params.attack_eps, perturb_steps=self.params.attack_iter,
                                      ^^^^^^^^^^^^^^^^^^^^^^^^^^^^^^^^^^^^^^^^^^^^^^^^^^^^^^^^^^^^^^^^^^^^^^
                                      beta=beta, attack=self.params.attack,
                                      ^^^^^^^^^^^^^^^^^^^^^^^^^^^^^^^^^^^^^
                                      label_smoothing=getattr(self.params, 'label_smoothing', 0.1))
                                      ^^^^^^^^^^^^^^^^^^^^^^^^^^^^^^^^^^^^^^^^^^^^^^^^^^^^^^^^^^^^^
  File "/home/tong.li003/adversarial_robustness_pytorch/gowal21uncovering/utils/trades.py", line 41, in trades_loss
    loss_kl = criterion_kl(F.log_softmax(model(x_adv), dim=1), p_natural)
                                         ~~~~~^^^^^^^
  File "/home/tong.li003/miniconda3/lib/python3.13/site-packages/torch/nn/modules/module.py", line 1775, in _wrapped_call_impl
    return self._call_impl(*args, **kwargs)
           ~~~~~~~~~~~~~~~^^^^^^^^^^^^^^^^^
  File "/home/tong.li003/miniconda3/lib/python3.13/site-packages/torch/nn/modules/module.py", line 1786, in _call_impl
    return forward_call(*args, **kwargs)
  File "/home/tong.li003/miniconda3/lib/python3.13/site-packages/torch/nn/parallel/data_parallel.py", line 192, in forward
    return self.module(*inputs[0], **module_kwargs[0])
           ~~~~~~~~~~~^^^^^^^^^^^^^^^^^^^^^^^^^^^^^^^^
  File "/home/tong.li003/miniconda3/lib/python3.13/site-packages/torch/nn/modules/module.py", line 1775, in _wrapped_call_impl
    return self._call_impl(*args, **kwargs)
           ~~~~~~~~~~~~~~~^^^^^^^^^^^^^^^^^
  File "/home/tong.li003/miniconda3/lib/python3.13/site-packages/torch/nn/modules/module.py", line 1786, in _call_impl
    return forward_call(*args, **kwargs)
  File "/home/tong.li003/miniconda3/lib/python3.13/site-packages/torch/nn/modules/container.py", line 250, in forward
    input = module(input)
  File "/home/tong.li003/miniconda3/lib/python3.13/site-packages/torch/nn/modules/module.py", line 1775, in _wrapped_call_impl
    return self._call_impl(*args, **kwargs)
           ~~~~~~~~~~~~~~~^^^^^^^^^^^^^^^^^
  File "/home/tong.li003/miniconda3/lib/python3.13/site-packages/torch/nn/modules/module.py", line 1786, in _call_impl
    return forward_call(*args, **kwargs)
  File "/home/tong.li003/adversarial_robustness_pytorch/core/models/wideresnetwithswish.py", line 162, in forward
    out = self.layer(out)
  File "/home/tong.li003/miniconda3/lib/python3.13/site-packages/torch/nn/modules/module.py", line 1775, in _wrapped_call_impl
    return self._call_impl(*args, **kwargs)
           ~~~~~~~~~~~~~~~^^^^^^^^^^^^^^^^^
  File "/home/tong.li003/miniconda3/lib/python3.13/site-packages/torch/nn/modules/module.py", line 1786, in _call_impl
    return forward_call(*args, **kwargs)
  File "/home/tong.li003/miniconda3/lib/python3.13/site-packages/torch/nn/modules/container.py", line 250, in forward
    input = module(input)
  File "/home/tong.li003/miniconda3/lib/python3.13/site-packages/torch/nn/modules/module.py", line 1775, in _wrapped_call_impl
    return self._call_impl(*args, **kwargs)
           ~~~~~~~~~~~~~~~^^^^^^^^^^^^^^^^^
  File "/home/tong.li003/miniconda3/lib/python3.13/site-packages/torch/nn/modules/module.py", line 1786, in _call_impl
    return forward_call(*args, **kwargs)
  File "/home/tong.li003/adversarial_robustness_pytorch/core/models/wideresnetwithswish.py", line 92, in forward
    return self.block(x)
           ~~~~~~~~~~^^^
  File "/home/tong.li003/miniconda3/lib/python3.13/site-packages/torch/nn/modules/module.py", line 1775, in _wrapped_call_impl
    return self._call_impl(*args, **kwargs)
           ~~~~~~~~~~~~~~~^^^^^^^^^^^^^^^^^
  File "/home/tong.li003/miniconda3/lib/python3.13/site-packages/torch/nn/modules/module.py", line 1786, in _call_impl
    return forward_call(*args, **kwargs)
  File "/home/tong.li003/miniconda3/lib/python3.13/site-packages/torch/nn/modules/container.py", line 250, in forward
    input = module(input)
  File "/home/tong.li003/miniconda3/lib/python3.13/site-packages/torch/nn/modules/module.py", line 1775, in _wrapped_call_impl
    return self._call_impl(*args, **kwargs)
           ~~~~~~~~~~~~~~~^^^^^^^^^^^^^^^^^
  File "/home/tong.li003/miniconda3/lib/python3.13/site-packages/torch/nn/modules/module.py", line 1786, in _call_impl
    return forward_call(*args, **kwargs)
  File "/home/tong.li003/adversarial_robustness_pytorch/core/models/wideresnetwithswish.py", line 65, in forward
    out = self.conv_1(out)
  File "/home/tong.li003/miniconda3/lib/python3.13/site-packages/torch/nn/modules/module.py", line 1775, in _wrapped_call_impl
    return self._call_impl(*args, **kwargs)
           ~~~~~~~~~~~~~~~^^^^^^^^^^^^^^^^^
  File "/home/tong.li003/miniconda3/lib/python3.13/site-packages/torch/nn/modules/module.py", line 1786, in _call_impl
    return forward_call(*args, **kwargs)
  File "/home/tong.li003/miniconda3/lib/python3.13/site-packages/torch/nn/modules/conv.py", line 548, in forward
    return self._conv_forward(input, self.weight, self.bias)
           ~~~~~~~~~~~~~~~~~~^^^^^^^^^^^^^^^^^^^^^^^^^^^^^^^
  File "/home/tong.li003/miniconda3/lib/python3.13/site-packages/torch/nn/modules/conv.py", line 543, in _conv_forward
    return F.conv2d(
           ~~~~~~~~^
        input, weight, bias, self.stride, self.padding, self.dilation, self.groups
        ^^^^^^^^^^^^^^^^^^^^^^^^^^^^^^^^^^^^^^^^^^^^^^^^^^^^^^^^^^^^^^^^^^^^^^^^^^
    )
    ^
torch.OutOfMemoryError: CUDA out of memory. Tried to allocate 640.00 MiB. GPU 0 has a total capacity of 39.39 GiB of which 130.31 MiB is free. Including non-PyTorch memory, this process has 39.26 GiB memory in use. Of the allocated memory 37.64 GiB is allocated by PyTorch, and 1.13 GiB is reserved by PyTorch but unallocated. If reserved but unallocated memory is large try setting PYTORCH_CUDA_ALLOC_CONF=expandable_segments:True to avoid fragmentation.  See documentation for Memory Management  (https://pytorch.org/docs/stable/notes/cuda.html#environment-variables)
